{"C:\\Users\\Admin\\OneDrive - Arteveldehogeschool\\Atwork\\2\\project-3---werkstuk-bernardus-portaal\\src\\controllers\\feedback.js": {"path":"C:\\Users\\Admin\\OneDrive - Arteveldehogeschool\\Atwork\\2\\project-3---werkstuk-bernardus-portaal\\src\\controllers\\feedback.js","statementMap":{"0":{"start":{"line":7,"column":28},"end":{"line":29,"column":1}},"1":{"start":{"line":8,"column":20},"end":{"line":8,"column":31}},"2":{"start":{"line":9,"column":20},"end":{"line":9,"column":37}},"3":{"start":{"line":11,"column":29},"end":{"line":11,"column":65}},"4":{"start":{"line":13,"column":17},"end":{"line":13,"column":28}},"5":{"start":{"line":15,"column":20},"end":{"line":20,"column":4}},"6":{"start":{"line":24,"column":2},"end":{"line":28,"column":5}},"7":{"start":{"line":31,"column":31},"end":{"line":76,"column":1}},"8":{"start":{"line":32,"column":23},"end":{"line":32,"column":55}},"9":{"start":{"line":33,"column":27},"end":{"line":33,"column":62}},"10":{"start":{"line":34,"column":14},"end":{"line":34,"column":41}},"11":{"start":{"line":36,"column":17},"end":{"line":36,"column":38}},"12":{"start":{"line":37,"column":15},"end":{"line":37,"column":26}},"13":{"start":{"line":38,"column":15},"end":{"line":38,"column":18}},"14":{"start":{"line":41,"column":27},"end":{"line":41,"column":63}},"15":{"start":{"line":43,"column":21},"end":{"line":48,"column":2}},"16":{"start":{"line":50,"column":17},"end":{"line":56,"column":2}},"17":{"start":{"line":58,"column":17},"end":{"line":64,"column":2}},"18":{"start":{"line":66,"column":0},"end":{"line":66,"column":26}},"19":{"start":{"line":68,"column":25},"end":{"line":68,"column":37}},"20":{"start":{"line":69,"column":0},"end":{"line":69,"column":27}},"21":{"start":{"line":70,"column":0},"end":{"line":75,"column":7}},"22":{"start":{"line":78,"column":36},"end":{"line":120,"column":1}},"23":{"start":{"line":79,"column":23},"end":{"line":79,"column":55}},"24":{"start":{"line":80,"column":27},"end":{"line":80,"column":62}},"25":{"start":{"line":81,"column":14},"end":{"line":81,"column":41}},"26":{"start":{"line":83,"column":17},"end":{"line":83,"column":38}},"27":{"start":{"line":84,"column":15},"end":{"line":84,"column":26}},"28":{"start":{"line":85,"column":15},"end":{"line":85,"column":18}},"29":{"start":{"line":88,"column":27},"end":{"line":88,"column":63}},"30":{"start":{"line":90,"column":21},"end":{"line":92,"column":2}},"31":{"start":{"line":94,"column":17},"end":{"line":100,"column":2}},"32":{"start":{"line":102,"column":17},"end":{"line":108,"column":2}},"33":{"start":{"line":110,"column":0},"end":{"line":110,"column":26}},"34":{"start":{"line":112,"column":25},"end":{"line":112,"column":37}},"35":{"start":{"line":113,"column":0},"end":{"line":113,"column":27}},"36":{"start":{"line":114,"column":0},"end":{"line":119,"column":7}},"37":{"start":{"line":122,"column":29},"end":{"line":163,"column":1}},"38":{"start":{"line":123,"column":2},"end":{"line":162,"column":3}},"39":{"start":{"line":124,"column":22},"end":{"line":124,"column":33}},"40":{"start":{"line":125,"column":22},"end":{"line":125,"column":39}},"41":{"start":{"line":127,"column":4},"end":{"line":128,"column":66}},"42":{"start":{"line":128,"column":6},"end":{"line":128,"column":66}},"43":{"start":{"line":130,"column":31},"end":{"line":130,"column":67}},"44":{"start":{"line":132,"column":22},"end":{"line":132,"column":33}},"45":{"start":{"line":134,"column":21},"end":{"line":140,"column":6}},"46":{"start":{"line":142,"column":4},"end":{"line":147,"column":5}},"47":{"start":{"line":143,"column":6},"end":{"line":145,"column":69}},"48":{"start":{"line":146,"column":6},"end":{"line":146,"column":13}},"49":{"start":{"line":149,"column":4},"end":{"line":149,"column":33}},"50":{"start":{"line":151,"column":4},"end":{"line":151,"column":42}},"51":{"start":{"line":153,"column":29},"end":{"line":153,"column":70}},"52":{"start":{"line":154,"column":26},"end":{"line":154,"column":73}},"53":{"start":{"line":156,"column":4},"end":{"line":159,"column":72}},"54":{"start":{"line":161,"column":4},"end":{"line":161,"column":61}},"55":{"start":{"line":165,"column":30},"end":{"line":207,"column":1}},"56":{"start":{"line":166,"column":2},"end":{"line":166,"column":26}},"57":{"start":{"line":167,"column":2},"end":{"line":206,"column":3}},"58":{"start":{"line":168,"column":23},"end":{"line":168,"column":36}},"59":{"start":{"line":169,"column":24},"end":{"line":169,"column":37}},"60":{"start":{"line":171,"column":4},"end":{"line":173,"column":5}},"61":{"start":{"line":172,"column":6},"end":{"line":172,"column":73}},"62":{"start":{"line":174,"column":27},"end":{"line":174,"column":59}},"63":{"start":{"line":175,"column":31},"end":{"line":175,"column":67}},"64":{"start":{"line":177,"column":22},"end":{"line":177,"column":33}},"65":{"start":{"line":179,"column":21},"end":{"line":184,"column":6}},"66":{"start":{"line":186,"column":17},"end":{"line":192,"column":2}},"67":{"start":{"line":194,"column":4},"end":{"line":197,"column":5}},"68":{"start":{"line":195,"column":6},"end":{"line":195,"column":61}},"69":{"start":{"line":196,"column":6},"end":{"line":196,"column":13}},"70":{"start":{"line":199,"column":4},"end":{"line":199,"column":32}},"71":{"start":{"line":201,"column":28},"end":{"line":201,"column":67}},"72":{"start":{"line":202,"column":4},"end":{"line":202,"column":38}},"73":{"start":{"line":204,"column":4},"end":{"line":204,"column":56}},"74":{"start":{"line":205,"column":4},"end":{"line":205,"column":16}},"75":{"start":{"line":209,"column":30},"end":{"line":236,"column":1}},"76":{"start":{"line":210,"column":2},"end":{"line":210,"column":26}},"77":{"start":{"line":211,"column":2},"end":{"line":235,"column":3}},"78":{"start":{"line":212,"column":23},"end":{"line":212,"column":36}},"79":{"start":{"line":214,"column":31},"end":{"line":214,"column":67}},"80":{"start":{"line":216,"column":22},"end":{"line":216,"column":33}},"81":{"start":{"line":218,"column":21},"end":{"line":223,"column":6}},"82":{"start":{"line":225,"column":4},"end":{"line":228,"column":5}},"83":{"start":{"line":226,"column":6},"end":{"line":226,"column":61}},"84":{"start":{"line":227,"column":6},"end":{"line":227,"column":13}},"85":{"start":{"line":230,"column":4},"end":{"line":230,"column":48}},"86":{"start":{"line":231,"column":4},"end":{"line":231,"column":39}},"87":{"start":{"line":233,"column":4},"end":{"line":233,"column":57}},"88":{"start":{"line":234,"column":4},"end":{"line":234,"column":16}}},"fnMap":{"0":{"name":"(anonymous_0)","decl":{"start":{"line":7,"column":28},"end":{"line":7,"column":29}},"loc":{"start":{"line":7,"column":48},"end":{"line":29,"column":1}},"line":7},"1":{"name":"(anonymous_1)","decl":{"start":{"line":31,"column":31},"end":{"line":31,"column":32}},"loc":{"start":{"line":31,"column":51},"end":{"line":76,"column":1}},"line":31},"2":{"name":"(anonymous_2)","decl":{"start":{"line":78,"column":36},"end":{"line":78,"column":37}},"loc":{"start":{"line":78,"column":56},"end":{"line":120,"column":1}},"line":78},"3":{"name":"(anonymous_3)","decl":{"start":{"line":122,"column":29},"end":{"line":122,"column":30}},"loc":{"start":{"line":122,"column":55},"end":{"line":163,"column":1}},"line":122},"4":{"name":"(anonymous_4)","decl":{"start":{"line":165,"column":30},"end":{"line":165,"column":31}},"loc":{"start":{"line":165,"column":56},"end":{"line":207,"column":1}},"line":165},"5":{"name":"(anonymous_5)","decl":{"start":{"line":209,"column":30},"end":{"line":209,"column":31}},"loc":{"start":{"line":209,"column":56},"end":{"line":236,"column":1}},"line":209}},"branchMap":{"0":{"loc":{"start":{"line":127,"column":4},"end":{"line":128,"column":66}},"type":"if","locations":[{"start":{"line":127,"column":4},"end":{"line":128,"column":66}},{"start":{},"end":{}}],"line":127},"1":{"loc":{"start":{"line":142,"column":4},"end":{"line":147,"column":5}},"type":"if","locations":[{"start":{"line":142,"column":4},"end":{"line":147,"column":5}},{"start":{},"end":{}}],"line":142},"2":{"loc":{"start":{"line":171,"column":4},"end":{"line":173,"column":5}},"type":"if","locations":[{"start":{"line":171,"column":4},"end":{"line":173,"column":5}},{"start":{},"end":{}}],"line":171},"3":{"loc":{"start":{"line":194,"column":4},"end":{"line":197,"column":5}},"type":"if","locations":[{"start":{"line":194,"column":4},"end":{"line":197,"column":5}},{"start":{},"end":{}}],"line":194},"4":{"loc":{"start":{"line":225,"column":4},"end":{"line":228,"column":5}},"type":"if","locations":[{"start":{"line":225,"column":4},"end":{"line":228,"column":5}},{"start":{},"end":{}}],"line":225}},"s":{"0":1,"1":0,"2":0,"3":0,"4":0,"5":0,"6":0,"7":1,"8":0,"9":0,"10":0,"11":0,"12":0,"13":0,"14":0,"15":0,"16":0,"17":0,"18":0,"19":0,"20":0,"21":0,"22":1,"23":0,"24":0,"25":0,"26":0,"27":0,"28":0,"29":0,"30":0,"31":0,"32":0,"33":0,"34":0,"35":0,"36":0,"37":1,"38":0,"39":0,"40":0,"41":0,"42":0,"43":0,"44":0,"45":0,"46":0,"47":0,"48":0,"49":0,"50":0,"51":0,"52":0,"53":0,"54":0,"55":1,"56":0,"57":0,"58":0,"59":0,"60":0,"61":0,"62":0,"63":0,"64":0,"65":0,"66":0,"67":0,"68":0,"69":0,"70":0,"71":0,"72":0,"73":0,"74":0,"75":1,"76":0,"77":0,"78":0,"79":0,"80":0,"81":0,"82":0,"83":0,"84":0,"85":0,"86":0,"87":0,"88":0},"f":{"0":0,"1":0,"2":0,"3":0,"4":0,"5":0},"b":{"0":[0,0],"1":[0,0],"2":[0,0],"3":[0,0],"4":[0,0]},"_coverageSchema":"1a1c01bbd47fc00a2c39e90264f33305004495a9","hash":"44c95dbcdbbce967b33142722e1d02a617750e0f"}
,"C:\\Users\\Admin\\OneDrive - Arteveldehogeschool\\Atwork\\2\\project-3---werkstuk-bernardus-portaal\\src\\lib\\DataSource.js": {"path":"C:\\Users\\Admin\\OneDrive - Arteveldehogeschool\\Atwork\\2\\project-3---werkstuk-bernardus-portaal\\src\\lib\\DataSource.js","statementMap":{"0":{"start":{"line":3,"column":0},"end":{"line":3,"column":16}},"1":{"start":{"line":9,"column":11},"end":{"line":14,"column":2}}},"fnMap":{},"branchMap":{},"s":{"0":1,"1":1},"f":{},"b":{},"_coverageSchema":"1a1c01bbd47fc00a2c39e90264f33305004495a9","hash":"a4a9f81033a89836dcc7211949f89800e169ab50"}
,"C:\\Users\\Admin\\OneDrive - Arteveldehogeschool\\Atwork\\2\\project-3---werkstuk-bernardus-portaal\\src\\models\\class.js": {"path":"C:\\Users\\Admin\\OneDrive - Arteveldehogeschool\\Atwork\\2\\project-3---werkstuk-bernardus-portaal\\src\\models\\class.js","statementMap":{"0":{"start":{"line":4,"column":25},"end":{"line":4,"column":32}}},"fnMap":{},"branchMap":{},"s":{"0":1},"f":{},"b":{},"_coverageSchema":"1a1c01bbd47fc00a2c39e90264f33305004495a9","hash":"ebec68f7ba8be8736cb04cc51d666074b78635cf"}
,"C:\\Users\\Admin\\OneDrive - Arteveldehogeschool\\Atwork\\2\\project-3---werkstuk-bernardus-portaal\\src\\models\\feedback.js": {"path":"C:\\Users\\Admin\\OneDrive - Arteveldehogeschool\\Atwork\\2\\project-3---werkstuk-bernardus-portaal\\src\\models\\feedback.js","statementMap":{"0":{"start":{"line":4,"column":25},"end":{"line":4,"column":32}}},"fnMap":{},"branchMap":{},"s":{"0":1},"f":{},"b":{},"_coverageSchema":"1a1c01bbd47fc00a2c39e90264f33305004495a9","hash":"be13199ecc2dbd94da0b9985883c2c8851724ab3"}
,"C:\\Users\\Admin\\OneDrive - Arteveldehogeschool\\Atwork\\2\\project-3---werkstuk-bernardus-portaal\\src\\models\\index.js": {"path":"C:\\Users\\Admin\\OneDrive - Arteveldehogeschool\\Atwork\\2\\project-3---werkstuk-bernardus-portaal\\src\\models\\index.js","statementMap":{},"fnMap":{},"branchMap":{},"s":{},"f":{},"b":{},"_coverageSchema":"1a1c01bbd47fc00a2c39e90264f33305004495a9","hash":"9281d449eba773e7bda94012edaee43f2def1bdb"}
,"C:\\Users\\Admin\\OneDrive - Arteveldehogeschool\\Atwork\\2\\project-3---werkstuk-bernardus-portaal\\src\\models\\points.js": {"path":"C:\\Users\\Admin\\OneDrive - Arteveldehogeschool\\Atwork\\2\\project-3---werkstuk-bernardus-portaal\\src\\models\\points.js","statementMap":{"0":{"start":{"line":4,"column":25},"end":{"line":4,"column":32}}},"fnMap":{},"branchMap":{},"s":{"0":1},"f":{},"b":{},"_coverageSchema":"1a1c01bbd47fc00a2c39e90264f33305004495a9","hash":"a0eeed0faf6c065485dd46ee2751e4a89f33443c"}
,"C:\\Users\\Admin\\OneDrive - Arteveldehogeschool\\Atwork\\2\\project-3---werkstuk-bernardus-portaal\\src\\models\\roles.js": {"path":"C:\\Users\\Admin\\OneDrive - Arteveldehogeschool\\Atwork\\2\\project-3---werkstuk-bernardus-portaal\\src\\models\\roles.js","statementMap":{"0":{"start":{"line":4,"column":25},"end":{"line":4,"column":32}}},"fnMap":{},"branchMap":{},"s":{"0":1},"f":{},"b":{},"_coverageSchema":"1a1c01bbd47fc00a2c39e90264f33305004495a9","hash":"4843e8384380880b37b3b93c5aefb51c841392c8"}
,"C:\\Users\\Admin\\OneDrive - Arteveldehogeschool\\Atwork\\2\\project-3---werkstuk-bernardus-portaal\\src\\models\\subjects.js": {"path":"C:\\Users\\Admin\\OneDrive - Arteveldehogeschool\\Atwork\\2\\project-3---werkstuk-bernardus-portaal\\src\\models\\subjects.js","statementMap":{"0":{"start":{"line":4,"column":25},"end":{"line":4,"column":32}}},"fnMap":{},"branchMap":{},"s":{"0":1},"f":{},"b":{},"_coverageSchema":"1a1c01bbd47fc00a2c39e90264f33305004495a9","hash":"246aff6fc6fe3203fb326cc6f9a4918585f0ce16"}
,"C:\\Users\\Admin\\OneDrive - Arteveldehogeschool\\Atwork\\2\\project-3---werkstuk-bernardus-portaal\\src\\models\\user.js": {"path":"C:\\Users\\Admin\\OneDrive - Arteveldehogeschool\\Atwork\\2\\project-3---werkstuk-bernardus-portaal\\src\\models\\user.js","statementMap":{},"fnMap":{},"branchMap":{},"s":{},"f":{},"b":{},"_coverageSchema":"1a1c01bbd47fc00a2c39e90264f33305004495a9","hash":"86001f3a6ab40fb0687bc277d21aa3c2b4c296f1"}
}
