TN:
SF:src\controllers\feedback.js
FN:7,(anonymous_0)
FN:31,(anonymous_1)
FN:78,(anonymous_2)
FN:122,(anonymous_3)
FN:165,(anonymous_4)
FN:209,(anonymous_5)
FNF:6
FNH:0
FNDA:0,(anonymous_0)
FNDA:0,(anonymous_1)
FNDA:0,(anonymous_2)
FNDA:0,(anonymous_3)
FNDA:0,(anonymous_4)
FNDA:0,(anonymous_5)
DA:7,1
DA:8,0
DA:9,0
DA:11,0
DA:13,0
DA:15,0
DA:24,0
DA:31,1
DA:32,0
DA:33,0
DA:34,0
DA:36,0
DA:37,0
DA:38,0
DA:41,0
DA:43,0
DA:50,0
DA:58,0
DA:66,0
DA:68,0
DA:69,0
DA:70,0
DA:78,1
DA:79,0
DA:80,0
DA:81,0
DA:83,0
DA:84,0
DA:85,0
DA:88,0
DA:90,0
DA:94,0
DA:102,0
DA:110,0
DA:112,0
DA:113,0
DA:114,0
DA:122,1
DA:123,0
DA:124,0
DA:125,0
DA:127,0
DA:128,0
DA:130,0
DA:132,0
DA:134,0
DA:142,0
DA:143,0
DA:146,0
DA:149,0
DA:151,0
DA:153,0
DA:154,0
DA:156,0
DA:161,0
DA:165,1
DA:166,0
DA:167,0
DA:168,0
DA:169,0
DA:171,0
DA:172,0
DA:174,0
DA:175,0
DA:177,0
DA:179,0
DA:186,0
DA:194,0
DA:195,0
DA:196,0
DA:199,0
DA:201,0
DA:202,0
DA:204,0
DA:205,0
DA:209,1
DA:210,0
DA:211,0
DA:212,0
DA:214,0
DA:216,0
DA:218,0
DA:225,0
DA:226,0
DA:227,0
DA:230,0
DA:231,0
DA:233,0
DA:234,0
LF:89
LH:6
BRDA:127,0,0,0
BRDA:127,0,1,0
BRDA:142,1,0,0
BRDA:142,1,1,0
BRDA:171,2,0,0
BRDA:171,2,1,0
BRDA:194,3,0,0
BRDA:194,3,1,0
BRDA:225,4,0,0
BRDA:225,4,1,0
BRF:10
BRH:0
end_of_record
TN:
SF:src\lib\DataSource.js
FNF:0
FNH:0
DA:3,1
DA:9,1
LF:2
LH:2
BRF:0
BRH:0
end_of_record
TN:
SF:src\models\class.js
FNF:0
FNH:0
DA:4,1
LF:1
LH:1
BRF:0
BRH:0
end_of_record
TN:
SF:src\models\feedback.js
FNF:0
FNH:0
DA:4,1
LF:1
LH:1
BRF:0
BRH:0
end_of_record
TN:
SF:src\models\index.js
FNF:0
FNH:0
LF:0
LH:0
BRF:0
BRH:0
end_of_record
TN:
SF:src\models\points.js
FNF:0
FNH:0
DA:4,1
LF:1
LH:1
BRF:0
BRH:0
end_of_record
TN:
SF:src\models\roles.js
FNF:0
FNH:0
DA:4,1
LF:1
LH:1
BRF:0
BRH:0
end_of_record
TN:
SF:src\models\subjects.js
FNF:0
FNH:0
DA:4,1
LF:1
LH:1
BRF:0
BRH:0
end_of_record
TN:
SF:src\models\user.js
FNF:0
FNH:0
LF:0
LH:0
BRF:0
BRH:0
end_of_record
